<?xml version="1.0" encoding="UTF-8"?>
<!-- Generated by org.testng.reporters.JUnitReportReporter -->
<testsuite skipped="0" hostname="DESKTOP-NICN4RS" name="testCases.TestCase005_verifyOnlineStatementDownload" tests="1" failures="0" timestamp="15 Sep 2020 21:26:09 GMT" time="1.005" errors="0">
  <testcase name="verifyOnlineStatement" time="1.005" classname="testCases.TestCase005_verifyOnlineStatementDownload"/>
</testsuite> <!-- testCases.TestCase005_verifyOnlineStatementDownload -->
