<?xml version="1.0" encoding="UTF-8"?>
<!-- Generated by org.testng.reporters.JUnitReportReporter -->
<testsuite skipped="0" hostname="DESKTOP-NICN4RS" name="testCases.TestCase001_verifyLogin" tests="1" failures="0" timestamp="15 Sep 2020 21:26:09 GMT" time="1.176" errors="0">
  <testcase name="verifyLogin" time="1.176" classname="testCases.TestCase001_verifyLogin"/>
</testsuite> <!-- testCases.TestCase001_verifyLogin -->
