<?xml version="1.0" encoding="UTF-8"?>
<!-- Generated by org.testng.reporters.JUnitReportReporter -->
<testsuite skipped="0" hostname="DESKTOP-NICN4RS" name="testCases.TestCase003_verifyTransferFund" tests="1" failures="0" timestamp="15 Sep 2020 21:26:09 GMT" time="0.898" errors="0">
  <testcase name="verifyTransferFund" time="0.898" classname="testCases.TestCase003_verifyTransferFund"/>
</testsuite> <!-- testCases.TestCase003_verifyTransferFund -->
