<?xml version="1.0" encoding="UTF-8"?>
<!-- Generated by org.testng.reporters.JUnitReportReporter -->
<testsuite skipped="0" hostname="DESKTOP-NICN4RS" name="testCases.TestCase004_verifyPayBills" tests="1" failures="0" timestamp="15 Sep 2020 21:26:09 GMT" time="0.996" errors="0">
  <testcase name="verifyPayBills" time="0.996" classname="testCases.TestCase004_verifyPayBills"/>
</testsuite> <!-- testCases.TestCase004_verifyPayBills -->
